EMPLOYEES.ename  FLIGHTS.flno  
paaqzploatyvihubalwvguuzhnbzzeqcvmssypbngyug	121	
plrnokogjhnvxyrzcuthwgvldicpvlpinnjyldgelono	747	
qvgjilbypmtlsaohhlvkgglfpnyeeibklsepjxjetvkq	1100	
gccbvjnfctxpufdoeqvvqmbpwebjfjmokizrxedtehii	2046	
axdsjdactwvqahqqtglxraqboqpnnqqafsqaeyuwenhz	3302	
nmmcwbexcxeljjtlrddchwuvzeagsvemfkijnvdzotrl	3749	
gkxxehhzpwbazigtgoudtzxmgfwdvytxsmgkunekvhrc	4162	
gzbhequjpuycbyoapdfbbqwhbmbuuolpcxckvyckkyna	4222	
hfbfeugksudjnuppoqaysfefvgpfnksocidwxnljoxdl	4420	
fwygauifaxgitkygcjlxkshjhwoxpnblhfrpnmiofiqx	5355	
sdoltynlzogcnicysofqtkcnrvnantzsnqejqsztfnkl	6124	
votumpekwxntewfybtozmgtrsqlvhrlxktysyptixcam	6600	
iurqujmowopumiiypkhixtbtoijqnzkpnkoexadaxwgs	6666	
dnrclhrttdrdktiqhetqnnolthjlujmqqsrvhclalxid	6705	
zclszudaoppqedtsbxclyjezqgdpwqytlvmkailprupn	6827	
hijosagjpodxivcahxzcjslxzprfnnbzebjkidpubgdd	8005	
fuwglpwftqfyignkbpitehkxaoqznnvieivmbxctfwpu	10193	
pogvelihvqzzzmuwubztarmrmnnjalidwgktepncuzic	10583	
hiilzfyhiagtvhzphwngudusfxgmwgtvddpzusvnvzap	11066	
gqvclmzgngtnuilfmrpylgfadwlrdbffdjnztmhqsghw	12845	
xqbxbbykhopizudjegbldlawsrvfqsmzbaaiscqxgdnl	13488	
ewjpndccggreitjnubyohlaxuuyorjkyaommjfrjdzvm	18296	
wdhsnsukbyclmpupfdymzhqgvhhhhpyqmfqctintzpik	19622	
mthfsfnpaqyobiuploqsiuwzfsqahqulxmwceecwigai	20211	
edqyzcuydikqchucnwtssuslzypavmotggrqyinvhpab	20439	
zqidfmvqbhfhuiuriesftrvkvotvozyjlrhqhxmbmler	20643	
rdyptmjrpuwflhtbvhqdidxihojuihqgirqqzcifoohz	21941	
zznngtfgzmugorgfkoyypebyjqxdamhkxunpbiewqqxg	22195	
rowrapkoxiyamljlxdqloxsesivgtsmvirqyogoizgcd	22603	
iktwxbeabxytjpgbkrihlxelzhrlkdbcsatrreexrict	22876	
fppvxfkccgsgmjiucppaycwfjtdhvivaywadvbqzzprr	23292	
nobplfwouoaksqtaxoixwlxbnulqufatdxzpmeoguqip	23440	
ghlfqjefqebqvoyqkobwqtzbnaucznsbvfqjclbitdob	24843	
etarktfviokdbmjjjfgmhtrkffhdzivdpmxllorjrvzp	24864	
ochevvgtintalsyligkdzfoyhhcrrgvvroqacbktvdpu	25184	
cmpsuofqhqeayizsvpdnjgguvqtubgszhzuvoycbskjr	25251	
zsmffddfqteaxcurkegvgwvtbmrqrivlrpljdethoffs	25556	
fatbbkegpymyuhkfvgvrzphoxzmqwftgylhremsiaoxf	28426	
iqditcpvsoeidtcbrruaahoacwuvkkqfykcnklvayfqo	28468	
adapyhhndyvmvdzbfklurdsdqvvrylhqngbjhvtewbsv	28966	
pkbzuzfhjrxbpesxmsathihxurznqiagnyytotdcxorm	28966	
zqvavhfdcddqpajfuqqyinqxjjuspapujypwkerbdiey	29701	
govgvzevacnqkizimcmhbylxnobdbdpjvpfjmfbadkit	30100	
imchobzstfxvhmhukuvkeohhmmxdksrxsgqwpynldixv	30316	
xpjaemqbfihawtfshsahlcfcvyavdcqwbtmlihyaqvdc	30778	
zpwynrrzlhzrzxcphxjyfmrjcllsetfklisbfpetcrkx	32161	
uptkmtknnorpdqpptesxuhutegfkpzwavueeqtvxzqce	32213	
kwkvpgzkzkoanrbgloupicpfzqndjedvnmsgaiqpchzu	32442	
wtycctsalhxnpzizmuenguslpxiywbcwbapvcajbmfam	33416	
vnoyjzwxqngrgkmzwoqrajvjzphdkbwygwszafpwwnhf	33901	
moqacpfsbernbkwhhlydtfpaceekcwortycyrbepfgqm	35068	
fmjoapegkondarmnrbtgfgoouipwqxsxnhmsszfdklcb	35970	
nzcozftfjcvkihulubuktvlbkwdzpzjzmdazkrgptanv	36478	
hoooewvbtmjiturjnldommqeadzqprleogbonwjutyhg	36850	
teykxrdvmoongllxrsnimpwsxavcvvpnzpywmswzwonp	37119	
swhfsrzgzpgtsyxeajbmwqugcdieknlpohreyrykmzdd	37479	
iukbhzqmwpdzyxdbrttmemajoxdgtwqinqtxxzgwwooq	38200	
jrbbuvmmzblhlyiatqefxnrqrtkivcgyzuzhcfcyjqxl	38574	
fygjstgrnnggpoyatixdolituprdeqsvdixtkrvlhroy	40669	
ybjtwjvypesvfzruvfqwyhrybkparsozaolpcestpepi	43121	
yuieylzzpdvcdjuksmyuypntmkqbxzgpeaiuvdutpxyj	44916	
zipkoezcrxsogejbvujsaatvwidaaffocnrtxmubxsnj	45808	
fppvxfkccgsgmjiucppaycwfjtdhvivaywadvbqzzprr	46716	
nzwwbplbyheelentdaoktrulfgnejyswmjckmspwsdvi	47785	
japqbhxcwulncsmnhfzekwfabbppewkoeqlyfveyifyk	47967	
gzbhequjpuycbyoapdfbbqwhbmbuuolpcxckvyckkyna	48170	
cngqhjwgyngmuibehyrigtbxcgajbnkersrqqwqfxxoc	49080	
