EMPLOYEES.ename  FLIGHTS.flno  
pkbzuzfhjrxbpesxmsathihxurznqiagnyytotdcxorm	28966	
fatbbkegpymyuhkfvgvrzphoxzmqwftgylhremsiaoxf	28426	
xpjaemqbfihawtfshsahlcfcvyavdcqwbtmlihyaqvdc	30778	
dnrclhrttdrdktiqhetqnnolthjlujmqqsrvhclalxid	6705	
iukbhzqmwpdzyxdbrttmemajoxdgtwqinqtxxzgwwooq	38200	
adapyhhndyvmvdzbfklurdsdqvvrylhqngbjhvtewbsv	28966	
zpwynrrzlhzrzxcphxjyfmrjcllsetfklisbfpetcrkx	32161	
japqbhxcwulncsmnhfzekwfabbppewkoeqlyfveyifyk	47967	
zqvavhfdcddqpajfuqqyinqxjjuspapujypwkerbdiey	29701	
hoooewvbtmjiturjnldommqeadzqprleogbonwjutyhg	36850	
gzbhequjpuycbyoapdfbbqwhbmbuuolpcxckvyckkyna	4222	
mthfsfnpaqyobiuploqsiuwzfsqahqulxmwceecwigai	20211	
wtycctsalhxnpzizmuenguslpxiywbcwbapvcajbmfam	33416	
cmpsuofqhqeayizsvpdnjgguvqtubgszhzuvoycbskjr	25251	
sdoltynlzogcnicysofqtkcnrvnantzsnqejqsztfnkl	6124	
xqbxbbykhopizudjegbldlawsrvfqsmzbaaiscqxgdnl	13488	
jrbbuvmmzblhlyiatqefxnrqrtkivcgyzuzhcfcyjqxl	38574	
zipkoezcrxsogejbvujsaatvwidaaffocnrtxmubxsnj	45808	
zsmffddfqteaxcurkegvgwvtbmrqrivlrpljdethoffs	25556	
nzwwbplbyheelentdaoktrulfgnejyswmjckmspwsdvi	47785	
fmjoapegkondarmnrbtgfgoouipwqxsxnhmsszfdklcb	35970	
teykxrdvmoongllxrsnimpwsxavcvvpnzpywmswzwonp	37119	
hfbfeugksudjnuppoqaysfefvgpfnksocidwxnljoxdl	4420	
gccbvjnfctxpufdoeqvvqmbpwebjfjmokizrxedtehii	2046	
gqvclmzgngtnuilfmrpylgfadwlrdbffdjnztmhqsghw	12845	
fppvxfkccgsgmjiucppaycwfjtdhvivaywadvbqzzprr	23292	
axdsjdactwvqahqqtglxraqboqpnnqqafsqaeyuwenhz	3302	
iqditcpvsoeidtcbrruaahoacwuvkkqfykcnklvayfqo	28468	
nmmcwbexcxeljjtlrddchwuvzeagsvemfkijnvdzotrl	3749	
votumpekwxntewfybtozmgtrsqlvhrlxktysyptixcam	6600	
gzbhequjpuycbyoapdfbbqwhbmbuuolpcxckvyckkyna	48170	
rowrapkoxiyamljlxdqloxsesivgtsmvirqyogoizgcd	22603	
hijosagjpodxivcahxzcjslxzprfnnbzebjkidpubgdd	8005	
gkxxehhzpwbazigtgoudtzxmgfwdvytxsmgkunekvhrc	4162	
yuieylzzpdvcdjuksmyuypntmkqbxzgpeaiuvdutpxyj	44916	
vnoyjzwxqngrgkmzwoqrajvjzphdkbwygwszafpwwnhf	33901	
fppvxfkccgsgmjiucppaycwfjtdhvivaywadvbqzzprr	46716	
imchobzstfxvhmhukuvkeohhmmxdksrxsgqwpynldixv	30316	
zqidfmvqbhfhuiuriesftrvkvotvozyjlrhqhxmbmler	20643	
hiilzfyhiagtvhzphwngudusfxgmwgtvddpzusvnvzap	11066	
ghlfqjefqebqvoyqkobwqtzbnaucznsbvfqjclbitdob	24843	
fygjstgrnnggpoyatixdolituprdeqsvdixtkrvlhroy	40669	
fwygauifaxgitkygcjlxkshjhwoxpnblhfrpnmiofiqx	5355	
iktwxbeabxytjpgbkrihlxelzhrlkdbcsatrreexrict	22876	
iurqujmowopumiiypkhixtbtoijqnzkpnkoexadaxwgs	6666	
wdhsnsukbyclmpupfdymzhqgvhhhhpyqmfqctintzpik	19622	
zznngtfgzmugorgfkoyypebyjqxdamhkxunpbiewqqxg	22195	
nobplfwouoaksqtaxoixwlxbnulqufatdxzpmeoguqip	23440	
ybjtwjvypesvfzruvfqwyhrybkparsozaolpcestpepi	43121	
paaqzploatyvihubalwvguuzhnbzzeqcvmssypbngyug	121	
qvgjilbypmtlsaohhlvkgglfpnyeeibklsepjxjetvkq	1100	
etarktfviokdbmjjjfgmhtrkffhdzivdpmxllorjrvzp	24864	
ochevvgtintalsyligkdzfoyhhcrrgvvroqacbktvdpu	25184	
ewjpndccggreitjnubyohlaxuuyorjkyaommjfrjdzvm	18296	
moqacpfsbernbkwhhlydtfpaceekcwortycyrbepfgqm	35068	
kwkvpgzkzkoanrbgloupicpfzqndjedvnmsgaiqpchzu	32442	
cngqhjwgyngmuibehyrigtbxcgajbnkersrqqwqfxxoc	49080	
pogvelihvqzzzmuwubztarmrmnnjalidwgktepncuzic	10583	
uptkmtknnorpdqpptesxuhutegfkpzwavueeqtvxzqce	32213	
nzcozftfjcvkihulubuktvlbkwdzpzjzmdazkrgptanv	36478	
swhfsrzgzpgtsyxeajbmwqugcdieknlpohreyrykmzdd	37479	
edqyzcuydikqchucnwtssuslzypavmotggrqyinvhpab	20439	
govgvzevacnqkizimcmhbylxnobdbdpjvpfjmfbadkit	30100	
rdyptmjrpuwflhtbvhqdidxihojuihqgirqqzcifoohz	21941	
zclszudaoppqedtsbxclyjezqgdpwqytlvmkailprupn	6827	
plrnokogjhnvxyrzcuthwgvldicpvlpinnjyldgelono	747	
fuwglpwftqfyignkbpitehkxaoqznnvieivmbxctfwpu	10193	
