EMPLOYEES.ename  FLIGHTS.flno  
cngqhjwgyngmuibehyrigtbxcgajbnkersrqqwqfxxoc	49080	
gzbhequjpuycbyoapdfbbqwhbmbuuolpcxckvyckkyna	48170	
japqbhxcwulncsmnhfzekwfabbppewkoeqlyfveyifyk	47967	
nzwwbplbyheelentdaoktrulfgnejyswmjckmspwsdvi	47785	
fppvxfkccgsgmjiucppaycwfjtdhvivaywadvbqzzprr	46716	
zipkoezcrxsogejbvujsaatvwidaaffocnrtxmubxsnj	45808	
yuieylzzpdvcdjuksmyuypntmkqbxzgpeaiuvdutpxyj	44916	
ybjtwjvypesvfzruvfqwyhrybkparsozaolpcestpepi	43121	
fygjstgrnnggpoyatixdolituprdeqsvdixtkrvlhroy	40669	
jrbbuvmmzblhlyiatqefxnrqrtkivcgyzuzhcfcyjqxl	38574	
iukbhzqmwpdzyxdbrttmemajoxdgtwqinqtxxzgwwooq	38200	
swhfsrzgzpgtsyxeajbmwqugcdieknlpohreyrykmzdd	37479	
teykxrdvmoongllxrsnimpwsxavcvvpnzpywmswzwonp	37119	
hoooewvbtmjiturjnldommqeadzqprleogbonwjutyhg	36850	
nzcozftfjcvkihulubuktvlbkwdzpzjzmdazkrgptanv	36478	
fmjoapegkondarmnrbtgfgoouipwqxsxnhmsszfdklcb	35970	
moqacpfsbernbkwhhlydtfpaceekcwortycyrbepfgqm	35068	
vnoyjzwxqngrgkmzwoqrajvjzphdkbwygwszafpwwnhf	33901	
wtycctsalhxnpzizmuenguslpxiywbcwbapvcajbmfam	33416	
kwkvpgzkzkoanrbgloupicpfzqndjedvnmsgaiqpchzu	32442	
uptkmtknnorpdqpptesxuhutegfkpzwavueeqtvxzqce	32213	
zpwynrrzlhzrzxcphxjyfmrjcllsetfklisbfpetcrkx	32161	
xpjaemqbfihawtfshsahlcfcvyavdcqwbtmlihyaqvdc	30778	
imchobzstfxvhmhukuvkeohhmmxdksrxsgqwpynldixv	30316	
govgvzevacnqkizimcmhbylxnobdbdpjvpfjmfbadkit	30100	
zqvavhfdcddqpajfuqqyinqxjjuspapujypwkerbdiey	29701	
pkbzuzfhjrxbpesxmsathihxurznqiagnyytotdcxorm	28966	
adapyhhndyvmvdzbfklurdsdqvvrylhqngbjhvtewbsv	28966	
iqditcpvsoeidtcbrruaahoacwuvkkqfykcnklvayfqo	28468	
fatbbkegpymyuhkfvgvrzphoxzmqwftgylhremsiaoxf	28426	
zsmffddfqteaxcurkegvgwvtbmrqrivlrpljdethoffs	25556	
cmpsuofqhqeayizsvpdnjgguvqtubgszhzuvoycbskjr	25251	
ochevvgtintalsyligkdzfoyhhcrrgvvroqacbktvdpu	25184	
etarktfviokdbmjjjfgmhtrkffhdzivdpmxllorjrvzp	24864	
ghlfqjefqebqvoyqkobwqtzbnaucznsbvfqjclbitdob	24843	
nobplfwouoaksqtaxoixwlxbnulqufatdxzpmeoguqip	23440	
fppvxfkccgsgmjiucppaycwfjtdhvivaywadvbqzzprr	23292	
iktwxbeabxytjpgbkrihlxelzhrlkdbcsatrreexrict	22876	
rowrapkoxiyamljlxdqloxsesivgtsmvirqyogoizgcd	22603	
zznngtfgzmugorgfkoyypebyjqxdamhkxunpbiewqqxg	22195	
rdyptmjrpuwflhtbvhqdidxihojuihqgirqqzcifoohz	21941	
zqidfmvqbhfhuiuriesftrvkvotvozyjlrhqhxmbmler	20643	
edqyzcuydikqchucnwtssuslzypavmotggrqyinvhpab	20439	
mthfsfnpaqyobiuploqsiuwzfsqahqulxmwceecwigai	20211	
wdhsnsukbyclmpupfdymzhqgvhhhhpyqmfqctintzpik	19622	
ewjpndccggreitjnubyohlaxuuyorjkyaommjfrjdzvm	18296	
xqbxbbykhopizudjegbldlawsrvfqsmzbaaiscqxgdnl	13488	
gqvclmzgngtnuilfmrpylgfadwlrdbffdjnztmhqsghw	12845	
hiilzfyhiagtvhzphwngudusfxgmwgtvddpzusvnvzap	11066	
pogvelihvqzzzmuwubztarmrmnnjalidwgktepncuzic	10583	
fuwglpwftqfyignkbpitehkxaoqznnvieivmbxctfwpu	10193	
hijosagjpodxivcahxzcjslxzprfnnbzebjkidpubgdd	8005	
zclszudaoppqedtsbxclyjezqgdpwqytlvmkailprupn	6827	
dnrclhrttdrdktiqhetqnnolthjlujmqqsrvhclalxid	6705	
iurqujmowopumiiypkhixtbtoijqnzkpnkoexadaxwgs	6666	
votumpekwxntewfybtozmgtrsqlvhrlxktysyptixcam	6600	
sdoltynlzogcnicysofqtkcnrvnantzsnqejqsztfnkl	6124	
fwygauifaxgitkygcjlxkshjhwoxpnblhfrpnmiofiqx	5355	
hfbfeugksudjnuppoqaysfefvgpfnksocidwxnljoxdl	4420	
gzbhequjpuycbyoapdfbbqwhbmbuuolpcxckvyckkyna	4222	
gkxxehhzpwbazigtgoudtzxmgfwdvytxsmgkunekvhrc	4162	
nmmcwbexcxeljjtlrddchwuvzeagsvemfkijnvdzotrl	3749	
axdsjdactwvqahqqtglxraqboqpnnqqafsqaeyuwenhz	3302	
gccbvjnfctxpufdoeqvvqmbpwebjfjmokizrxedtehii	2046	
qvgjilbypmtlsaohhlvkgglfpnyeeibklsepjxjetvkq	1100	
plrnokogjhnvxyrzcuthwgvldicpvlpinnjyldgelono	747	
paaqzploatyvihubalwvguuzhnbzzeqcvmssypbngyug	121	
