EMPLOYEES.ename  FLIGHTS.flno  
hijosagjpodxivcahxzcjslxzprfnnbzebjkidpubgdd	8005	
fatbbkegpymyuhkfvgvrzphoxzmqwftgylhremsiaoxf	28426	
ewjpndccggreitjnubyohlaxuuyorjkyaommjfrjdzvm	18296	
hoooewvbtmjiturjnldommqeadzqprleogbonwjutyhg	36850	
zqidfmvqbhfhuiuriesftrvkvotvozyjlrhqhxmbmler	20643	
sdoltynlzogcnicysofqtkcnrvnantzsnqejqsztfnkl	6124	
xpjaemqbfihawtfshsahlcfcvyavdcqwbtmlihyaqvdc	30778	
adapyhhndyvmvdzbfklurdsdqvvrylhqngbjhvtewbsv	28966	
plrnokogjhnvxyrzcuthwgvldicpvlpinnjyldgelono	747	
swhfsrzgzpgtsyxeajbmwqugcdieknlpohreyrykmzdd	37479	
gccbvjnfctxpufdoeqvvqmbpwebjfjmokizrxedtehii	2046	
jrbbuvmmzblhlyiatqefxnrqrtkivcgyzuzhcfcyjqxl	38574	
yuieylzzpdvcdjuksmyuypntmkqbxzgpeaiuvdutpxyj	44916	
iqditcpvsoeidtcbrruaahoacwuvkkqfykcnklvayfqo	28468	
rdyptmjrpuwflhtbvhqdidxihojuihqgirqqzcifoohz	21941	
uptkmtknnorpdqpptesxuhutegfkpzwavueeqtvxzqce	32213	
fwygauifaxgitkygcjlxkshjhwoxpnblhfrpnmiofiqx	5355	
fygjstgrnnggpoyatixdolituprdeqsvdixtkrvlhroy	40669	
dnrclhrttdrdktiqhetqnnolthjlujmqqsrvhclalxid	6705	
edqyzcuydikqchucnwtssuslzypavmotggrqyinvhpab	20439	
hiilzfyhiagtvhzphwngudusfxgmwgtvddpzusvnvzap	11066	
govgvzevacnqkizimcmhbylxnobdbdpjvpfjmfbadkit	30100	
nmmcwbexcxeljjtlrddchwuvzeagsvemfkijnvdzotrl	3749	
moqacpfsbernbkwhhlydtfpaceekcwortycyrbepfgqm	35068	
mthfsfnpaqyobiuploqsiuwzfsqahqulxmwceecwigai	20211	
japqbhxcwulncsmnhfzekwfabbppewkoeqlyfveyifyk	47967	
votumpekwxntewfybtozmgtrsqlvhrlxktysyptixcam	6600	
kwkvpgzkzkoanrbgloupicpfzqndjedvnmsgaiqpchzu	32442	
ybjtwjvypesvfzruvfqwyhrybkparsozaolpcestpepi	43121	
axdsjdactwvqahqqtglxraqboqpnnqqafsqaeyuwenhz	3302	
zipkoezcrxsogejbvujsaatvwidaaffocnrtxmubxsnj	45808	
teykxrdvmoongllxrsnimpwsxavcvvpnzpywmswzwonp	37119	
etarktfviokdbmjjjfgmhtrkffhdzivdpmxllorjrvzp	24864	
iktwxbeabxytjpgbkrihlxelzhrlkdbcsatrreexrict	22876	
qvgjilbypmtlsaohhlvkgglfpnyeeibklsepjxjetvkq	1100	
nobplfwouoaksqtaxoixwlxbnulqufatdxzpmeoguqip	23440	
paaqzploatyvihubalwvguuzhnbzzeqcvmssypbngyug	121	
ghlfqjefqebqvoyqkobwqtzbnaucznsbvfqjclbitdob	24843	
imchobzstfxvhmhukuvkeohhmmxdksrxsgqwpynldixv	30316	
fmjoapegkondarmnrbtgfgoouipwqxsxnhmsszfdklcb	35970	
cngqhjwgyngmuibehyrigtbxcgajbnkersrqqwqfxxoc	49080	
cmpsuofqhqeayizsvpdnjgguvqtubgszhzuvoycbskjr	25251	
zclszudaoppqedtsbxclyjezqgdpwqytlvmkailprupn	6827	
hfbfeugksudjnuppoqaysfefvgpfnksocidwxnljoxdl	4420	
wtycctsalhxnpzizmuenguslpxiywbcwbapvcajbmfam	33416	
fuwglpwftqfyignkbpitehkxaoqznnvieivmbxctfwpu	10193	
fppvxfkccgsgmjiucppaycwfjtdhvivaywadvbqzzprr	23292	
fppvxfkccgsgmjiucppaycwfjtdhvivaywadvbqzzprr	46716	
zpwynrrzlhzrzxcphxjyfmrjcllsetfklisbfpetcrkx	32161	
zqvavhfdcddqpajfuqqyinqxjjuspapujypwkerbdiey	29701	
gzbhequjpuycbyoapdfbbqwhbmbuuolpcxckvyckkyna	48170	
gzbhequjpuycbyoapdfbbqwhbmbuuolpcxckvyckkyna	4222	
zsmffddfqteaxcurkegvgwvtbmrqrivlrpljdethoffs	25556	
zznngtfgzmugorgfkoyypebyjqxdamhkxunpbiewqqxg	22195	
xqbxbbykhopizudjegbldlawsrvfqsmzbaaiscqxgdnl	13488	
iurqujmowopumiiypkhixtbtoijqnzkpnkoexadaxwgs	6666	
nzwwbplbyheelentdaoktrulfgnejyswmjckmspwsdvi	47785	
pogvelihvqzzzmuwubztarmrmnnjalidwgktepncuzic	10583	
gqvclmzgngtnuilfmrpylgfadwlrdbffdjnztmhqsghw	12845	
gkxxehhzpwbazigtgoudtzxmgfwdvytxsmgkunekvhrc	4162	
ochevvgtintalsyligkdzfoyhhcrrgvvroqacbktvdpu	25184	
pkbzuzfhjrxbpesxmsathihxurznqiagnyytotdcxorm	28966	
vnoyjzwxqngrgkmzwoqrajvjzphdkbwygwszafpwwnhf	33901	
nzcozftfjcvkihulubuktvlbkwdzpzjzmdazkrgptanv	36478	
rowrapkoxiyamljlxdqloxsesivgtsmvirqyogoizgcd	22603	
iukbhzqmwpdzyxdbrttmemajoxdgtwqinqtxxzgwwooq	38200	
wdhsnsukbyclmpupfdymzhqgvhhhhpyqmfqctintzpik	19622	
